[ 50%] [32mBuilding CXX object CMakeFiles/rviz_node.dir/src/rviz_node.cpp.o[0m
[01m[K/home/guilhermecabaco/Desktop/ros2_ws/ros2_tutorial4/colcon_ws3/src/rviz2_marker_demo/src/rviz_node.cpp:[m[K In constructor â€˜[01m[KMarkerPublisherNode::[01;32m[KMarkerPublisherNode[m[K()[m[Kâ€™:
[01m[K/home/guilhermecabaco/Desktop/ros2_ws/ros2_tutorial4/colcon_ws3/src/rviz2_marker_demo/src/rviz_node.cpp:64:5:[m[K [01;31m[Kerror: [m[Kâ€˜[01m[Ktf_broadcaster_[m[Kâ€™ was not declared in this scope
   64 |     [01;31m[Ktf_broadcaster_[m[K = std::make_shared<tf2_ros::StaticTransformBroadcaster>(this);
      |     [01;31m[K^~~~~~~~~~~~~~~[m[K
[01m[K/home/guilhermecabaco/Desktop/ros2_ws/ros2_tutorial4/colcon_ws3/src/rviz2_marker_demo/src/rviz_node.cpp:[m[K In member function â€˜[01m[Kvoid MarkerPublisherNode::[01;32m[Ktimer_callback[m[K()[m[Kâ€™:
[01m[K/home/guilhermecabaco/Desktop/ros2_ws/ros2_tutorial4/colcon_ws3/src/rviz2_marker_demo/src/rviz_node.cpp:130:9:[m[K [01;31m[Kerror: [m[Kâ€˜[01m[Ktf_broadcaster_[m[Kâ€™ was not declared in this scope
  130 |         [01;31m[Ktf_broadcaster_[m[K->sendTransform(t);
      |         [01;31m[K^~~~~~~~~~~~~~~[m[K
gmake[2]: *** [CMakeFiles/rviz_node.dir/build.make:76: CMakeFiles/rviz_node.dir/src/rviz_node.cpp.o] Error 1
gmake[1]: *** [CMakeFiles/Makefile2:137: CMakeFiles/rviz_node.dir/all] Error 2
gmake: *** [Makefile:146: all] Error 2
