[01m[K/home/guilhermecabaco/Desktop/ros2_ws/ros2_tutorial4/colcon_ws3/src/rviz2_marker_demo/src/rviz_node.cpp:7:10:[m[K [01;35m[Kwarning: [m[Kmissing terminating " character
    7 | #include [01;35m[K"[m[Kgeometry_msgs/msg/transform_stamped.hpp
      |          [01;35m[K^[m[K
[01m[K/home/guilhermecabaco/Desktop/ros2_ws/ros2_tutorial4/colcon_ws3/src/rviz2_marker_demo/src/rviz_node.cpp:7:10:[m[K [01;31m[Kerror: [m[K#include expects "FILENAME" or <FILENAME>
    7 | #include [01;31m[K"geometry_msgs/msg/transform_stamped.hpp[m[K
      |          [01;31m[K^~~~~~~~~~~~~~~~~~~~~~~~~~~~~~~~~~~~~~~~[m[K
[01m[K/home/guilhermecabaco/Desktop/ros2_ws/ros2_tutorial4/colcon_ws3/src/rviz2_marker_demo/src/rviz_node.cpp:8:10:[m[K [01;35m[Kwarning: [m[Kmissing terminating " character
    8 | #include [01;35m[K"[m[Ktf2_ros/static_transform_broadcaster.h
      |          [01;35m[K^[m[K
[01m[K/home/guilhermecabaco/Desktop/ros2_ws/ros2_tutorial4/colcon_ws3/src/rviz2_marker_demo/src/rviz_node.cpp:8:10:[m[K [01;31m[Kerror: [m[K#include expects "FILENAME" or <FILENAME>
    8 | #include [01;31m[K"tf2_ros/static_transform_broadcaster.h[m[K
      |          [01;31m[K^~~~~~~~~~~~~~~~~~~~~~~~~~~~~~~~~~~~~~~[m[K
[01m[K/home/guilhermecabaco/Desktop/ros2_ws/ros2_tutorial4/colcon_ws3/src/rviz2_marker_demo/src/rviz_node.cpp:[m[K In constructor â€˜[01m[KMarkerPublisherNode::[01;32m[KMarkerPublisherNode[m[K()[m[Kâ€™:
[01m[K/home/guilhermecabaco/Desktop/ros2_ws/ros2_tutorial4/colcon_ws3/src/rviz2_marker_demo/src/rviz_node.cpp:64:5:[m[K [01;31m[Kerror: [m[Kâ€˜[01m[Ktf_broadcaster_[m[Kâ€™ was not declared in this scope
   64 |     [01;31m[Ktf_broadcaster_[m[K = std::make_shared<tf2_ros::StaticTransformBroadcaster>(this);
      |     [01;31m[K^~~~~~~~~~~~~~~[m[K
[01m[K/home/guilhermecabaco/Desktop/ros2_ws/ros2_tutorial4/colcon_ws3/src/rviz2_marker_demo/src/rviz_node.cpp:64:40:[m[K [01;31m[Kerror: [m[Kâ€˜[01m[Ktf2_ros[m[Kâ€™ was not declared in this scope; did you mean â€˜[01m[Ktf2Cos[m[Kâ€™?
   64 |     tf_broadcaster_ = std::make_shared<[01;31m[Ktf2_ros[m[K::StaticTransformBroadcaster>(this);
      |                                        [01;31m[K^~~~~~~[m[K
      |                                        [32m[Ktf2Cos[m[K
[01m[K/home/guilhermecabaco/Desktop/ros2_ws/ros2_tutorial4/colcon_ws3/src/rviz2_marker_demo/src/rviz_node.cpp:64:28:[m[K [01;31m[Kerror: [m[Kparse error in template argument list
   64 |     tf_broadcaster_ = std::[01;31m[Kmake_shared<tf2_ros::StaticTransformBroadcaster>[m[K(this);
      |                            [01;31m[K^~~~~~~~~~~~~~~~~~~~~~~~~~~~~~~~~~~~~~~~~~~~~~~~[m[K
[01m[K/home/guilhermecabaco/Desktop/ros2_ws/ros2_tutorial4/colcon_ws3/src/rviz2_marker_demo/src/rviz_node.cpp:64:76:[m[K [01;31m[Kerror: [m[Kno matching function for call to â€˜[01m[Kmake_shared<<expression error> >(MarkerPublisherNode*)[m[Kâ€™
   64 |   tf_broadcaster_ = [01;31m[Kstd::make_shared<tf2_ros::StaticTransformBroadcaster>(this)[m[K;
      |                     [01;31m[K~~~~~~~~~~~~~~~~~~~~~~~~~~~~~~~~~~~~~~~~~~~~~~~~~~~~~^~~~~~[m[K

In file included from [01m[K/usr/include/c++/13/memory:80[m[K,
                 from [01m[K/opt/ros/jazzy/include/rclcpp/rclcpp/rclcpp.hpp:169[m[K,
                 from [01m[K/home/guilhermecabaco/Desktop/ros2_ws/ros2_tutorial4/colcon_ws3/src/rviz2_marker_demo/src/rviz_node.cpp:1[m[K:
[01m[K/usr/include/c++/13/bits/shared_ptr.h:1005:5:[m[K [01;36m[Knote: [m[Kcandidate: â€˜[01m[Ktemplate<class _Tp, class ... _Args> std::shared_ptr<typename std::enable_if<(! std::is_array< <template-parameter-1-1> >::value), _Tp>::type> std::[01;32m[Kmake_shared[m[K(_Args&& ...)[m[Kâ€™
 1005 |     [01;36m[Kmake_shared[m[K(_Args&&... __args)
      |     [01;36m[K^~~~~~~~~~~[m[K
[01m[K/usr/include/c++/13/bits/shared_ptr.h:1005:5:[m[K [01;36m[Knote: [m[K  template argument deduction/substitution failed:
[01m[K/home/guilhermecabaco/Desktop/ros2_ws/ros2_tutorial4/colcon_ws3/src/rviz2_marker_demo/src/rviz_node.cpp:64:76:[m[K [01;31m[Kerror: [m[Ktemplate argument 1 is invalid
   64 |   tf_broadcaster_ = [01;31m[Kstd::make_shared<tf2_ros::StaticTransformBroadcaster>(this)[m[K;
      |                     [01;31m[K~~~~~~~~~~~~~~~~~~~~~~~~~~~~~~~~~~~~~~~~~~~~~~~~~~~~~^~~~~~[m[K

[01m[K/home/guilhermecabaco/Desktop/ros2_ws/ros2_tutorial4/colcon_ws3/src/rviz2_marker_demo/src/rviz_node.cpp:[m[K In member function â€˜[01m[Kvoid MarkerPublisherNode::[01;32m[Ktimer_callback[m[K()[m[Kâ€™:
[01m[K/home/guilhermecabaco/Desktop/ros2_ws/ros2_tutorial4/colcon_ws3/src/rviz2_marker_demo/src/rviz_node.cpp:116:29:[m[K [01;31m[Kerror: [m[Kâ€˜[01m[KTransformStamped[m[Kâ€™ is not a member of â€˜[01m[Kgeometry_msgs::msg[m[Kâ€™
  116 |         geometry_msgs::msg::[01;31m[KTransformStamped[m[K t;
      |                             [01;31m[K^~~~~~~~~~~~~~~~[m[K
[01m[K/home/guilhermecabaco/Desktop/ros2_ws/ros2_tutorial4/colcon_ws3/src/rviz2_marker_demo/src/rviz_node.cpp:117:9:[m[K [01;31m[Kerror: [m[Kâ€˜[01m[Kt[m[Kâ€™ was not declared in this scope; did you mean â€˜[01m[Ktm[m[Kâ€™?
  117 |         [01;31m[Kt[m[K.header.stamp = this->get_clock()->now();
      |         [01;31m[K^[m[K
      |         [32m[Ktm[m[K
[01m[K/home/guilhermecabaco/Desktop/ros2_ws/ros2_tutorial4/colcon_ws3/src/rviz2_marker_demo/src/rviz_node.cpp:130:9:[m[K [01;31m[Kerror: [m[Kâ€˜[01m[Ktf_broadcaster_[m[Kâ€™ was not declared in this scope
  130 |         [01;31m[Ktf_broadcaster_[m[K->sendTransform(t);
      |         [01;31m[K^~~~~~~~~~~~~~~[m[K
gmake[2]: *** [CMakeFiles/rviz_node.dir/build.make:76: CMakeFiles/rviz_node.dir/src/rviz_node.cpp.o] Error 1
gmake[1]: *** [CMakeFiles/Makefile2:137: CMakeFiles/rviz_node.dir/all] Error 2
gmake: *** [Makefile:146: all] Error 2
