[0.017s] Invoking command in '/home/guilhermecabaco/Desktop/ros2_ws/ros2_tutorial4/colcon_ws3/build/rviz2_marker_demo': CMAKE_PREFIX_PATH=${CMAKE_PREFIX_PATH}:/home/guilhermecabaco/Desktop/ros2_ws/tutoriais_ros2/install/temperature_monitor:/opt/ros/jazzy DEBUGINFOD_URLS=https://debuginfod.ubuntu.com /usr/bin/cmake --build /home/guilhermecabaco/Desktop/ros2_ws/ros2_tutorial4/colcon_ws3/build/rviz2_marker_demo -- -j12 -l12
[0.042s] -- Found ament_cmake: 2.5.4 (/opt/ros/jazzy/share/ament_cmake/cmake)
[0.255s] -- Found rclcpp: 28.1.12 (/opt/ros/jazzy/share/rclcpp/cmake)
[0.283s] -- Found rosidl_generator_c: 4.6.6 (/opt/ros/jazzy/share/rosidl_generator_c/cmake)
[0.292s] -- Found rosidl_generator_cpp: 4.6.6 (/opt/ros/jazzy/share/rosidl_generator_cpp/cmake)
[0.303s] -- Using all available rosidl_typesupport_c: rosidl_typesupport_fastrtps_c;rosidl_typesupport_introspection_c
[0.317s] -- Using all available rosidl_typesupport_cpp: rosidl_typesupport_fastrtps_cpp;rosidl_typesupport_introspection_cpp
[0.377s] -- Found rmw_implementation_cmake: 7.3.2 (/opt/ros/jazzy/share/rmw_implementation_cmake/cmake)
[0.379s] -- Found rmw_fastrtps_cpp: 8.4.3 (/opt/ros/jazzy/share/rmw_fastrtps_cpp/cmake)
[0.449s] -- Using RMW implementation 'rmw_fastrtps_cpp' as default
[0.516s] -- Found std_msgs: 5.3.6 (/opt/ros/jazzy/share/std_msgs/cmake)
[0.529s] -- Found visualization_msgs: 5.3.6 (/opt/ros/jazzy/share/visualization_msgs/cmake)
[0.614s] -- Found tf2: 0.36.14 (/opt/ros/jazzy/share/tf2/cmake)
[0.622s] -- Found tf2_ros: 0.36.14 (/opt/ros/jazzy/share/tf2_ros/cmake)
[0.781s] -- Found ament_lint_auto: 0.17.3 (/opt/ros/jazzy/share/ament_lint_auto/cmake)
[0.863s] -- Added test 'copyright' to check source files copyright and LICENSE
[0.865s] -- Added test 'cppcheck' to perform static code analysis on C / C++ code
[0.865s] -- Configured cppcheck include dirs: 
[0.865s] -- Configured cppcheck exclude dirs and/or files: 
[0.867s] -- Added test 'cpplint' to check C / C++ code against the Google style
[0.867s] -- Configured cpplint exclude dirs and/or files: 
[0.867s] -- Added test 'flake8' to check Python code syntax and style conventions
[0.867s] -- Configured 'flake8' exclude dirs and/or files: 
[0.868s] -- Added test 'lint_cmake' to check CMake code style
[0.869s] -- Added test 'pep257' to check Python code against some of the docstring style conventions in PEP 257
[0.871s] -- Added test 'uncrustify' to check C / C++ code style
[0.871s] -- Configured uncrustify additional arguments: 
[0.871s] -- Added test 'xmllint' to check XML markup files
[0.876s] -- Configuring done (0.8s)
[0.892s] -- Generating done (0.0s)
[0.896s] -- Build files have been written to: /home/guilhermecabaco/Desktop/ros2_ws/ros2_tutorial4/colcon_ws3/build/rviz2_marker_demo
[0.955s] [ 50%] [32mBuilding CXX object CMakeFiles/rviz_node.dir/src/rviz_node.cpp.o[0m
[1.248s] [01m[K/home/guilhermecabaco/Desktop/ros2_ws/ros2_tutorial4/colcon_ws3/src/rviz2_marker_demo/src/rviz_node.cpp:7:10:[m[K [01;35m[Kwarning: [m[Kmissing terminating " character
[1.248s]     7 | #include [01;35m[K"[m[Kgeometry_msgs/msg/transform_stamped.hpp
[1.248s]       |          [01;35m[K^[m[K
[1.248s] [01m[K/home/guilhermecabaco/Desktop/ros2_ws/ros2_tutorial4/colcon_ws3/src/rviz2_marker_demo/src/rviz_node.cpp:7:10:[m[K [01;31m[Kerror: [m[K#include expects "FILENAME" or <FILENAME>
[1.248s]     7 | #include [01;31m[K"geometry_msgs/msg/transform_stamped.hpp[m[K
[1.248s]       |          [01;31m[K^~~~~~~~~~~~~~~~~~~~~~~~~~~~~~~~~~~~~~~~[m[K
[1.248s] [01m[K/home/guilhermecabaco/Desktop/ros2_ws/ros2_tutorial4/colcon_ws3/src/rviz2_marker_demo/src/rviz_node.cpp:8:10:[m[K [01;35m[Kwarning: [m[Kmissing terminating " character
[1.248s]     8 | #include [01;35m[K"[m[Ktf2_ros/static_transform_broadcaster.h
[1.249s]       |          [01;35m[K^[m[K
[1.249s] [01m[K/home/guilhermecabaco/Desktop/ros2_ws/ros2_tutorial4/colcon_ws3/src/rviz2_marker_demo/src/rviz_node.cpp:8:10:[m[K [01;31m[Kerror: [m[K#include expects "FILENAME" or <FILENAME>
[1.249s]     8 | #include [01;31m[K"tf2_ros/static_transform_broadcaster.h[m[K
[1.249s]       |          [01;31m[K^~~~~~~~~~~~~~~~~~~~~~~~~~~~~~~~~~~~~~~[m[K
[2.729s] [01m[K/home/guilhermecabaco/Desktop/ros2_ws/ros2_tutorial4/colcon_ws3/src/rviz2_marker_demo/src/rviz_node.cpp:[m[K In constructor â€˜[01m[KMarkerPublisherNode::[01;32m[KMarkerPublisherNode[m[K()[m[Kâ€™:
[2.730s] [01m[K/home/guilhermecabaco/Desktop/ros2_ws/ros2_tutorial4/colcon_ws3/src/rviz2_marker_demo/src/rviz_node.cpp:64:5:[m[K [01;31m[Kerror: [m[Kâ€˜[01m[Ktf_broadcaster_[m[Kâ€™ was not declared in this scope
[2.730s]    64 |     [01;31m[Ktf_broadcaster_[m[K = std::make_shared<tf2_ros::StaticTransformBroadcaster>(this);
[2.730s]       |     [01;31m[K^~~~~~~~~~~~~~~[m[K
[2.734s] [01m[K/home/guilhermecabaco/Desktop/ros2_ws/ros2_tutorial4/colcon_ws3/src/rviz2_marker_demo/src/rviz_node.cpp:64:40:[m[K [01;31m[Kerror: [m[Kâ€˜[01m[Ktf2_ros[m[Kâ€™ was not declared in this scope; did you mean â€˜[01m[Ktf2Cos[m[Kâ€™?
[2.734s]    64 |     tf_broadcaster_ = std::make_shared<[01;31m[Ktf2_ros[m[K::StaticTransformBroadcaster>(this);
[2.734s]       |                                        [01;31m[K^~~~~~~[m[K
[2.734s]       |                                        [32m[Ktf2Cos[m[K
[2.734s] [01m[K/home/guilhermecabaco/Desktop/ros2_ws/ros2_tutorial4/colcon_ws3/src/rviz2_marker_demo/src/rviz_node.cpp:64:28:[m[K [01;31m[Kerror: [m[Kparse error in template argument list
[2.734s]    64 |     tf_broadcaster_ = std::[01;31m[Kmake_shared<tf2_ros::StaticTransformBroadcaster>[m[K(this);
[2.735s]       |                            [01;31m[K^~~~~~~~~~~~~~~~~~~~~~~~~~~~~~~~~~~~~~~~~~~~~~~~[m[K
[2.735s] [01m[K/home/guilhermecabaco/Desktop/ros2_ws/ros2_tutorial4/colcon_ws3/src/rviz2_marker_demo/src/rviz_node.cpp:64:76:[m[K [01;31m[Kerror: [m[Kno matching function for call to â€˜[01m[Kmake_shared<<expression error> >(MarkerPublisherNode*)[m[Kâ€™
[2.735s]    64 |   tf_broadcaster_ = [01;31m[Kstd::make_shared<tf2_ros::StaticTransformBroadcaster>(this)[m[K;
[2.735s]       |                     [01;31m[K~~~~~~~~~~~~~~~~~~~~~~~~~~~~~~~~~~~~~~~~~~~~~~~~~~~~~^~~~~~[m[K
[2.735s] 
[2.735s] In file included from [01m[K/usr/include/c++/13/memory:80[m[K,
[2.736s]                  from [01m[K/opt/ros/jazzy/include/rclcpp/rclcpp/rclcpp.hpp:169[m[K,
[2.736s]                  from [01m[K/home/guilhermecabaco/Desktop/ros2_ws/ros2_tutorial4/colcon_ws3/src/rviz2_marker_demo/src/rviz_node.cpp:1[m[K:
[2.736s] [01m[K/usr/include/c++/13/bits/shared_ptr.h:1005:5:[m[K [01;36m[Knote: [m[Kcandidate: â€˜[01m[Ktemplate<class _Tp, class ... _Args> std::shared_ptr<typename std::enable_if<(! std::is_array< <template-parameter-1-1> >::value), _Tp>::type> std::[01;32m[Kmake_shared[m[K(_Args&& ...)[m[Kâ€™
[2.736s]  1005 |     [01;36m[Kmake_shared[m[K(_Args&&... __args)
[2.736s]       |     [01;36m[K^~~~~~~~~~~[m[K
[2.736s] [01m[K/usr/include/c++/13/bits/shared_ptr.h:1005:5:[m[K [01;36m[Knote: [m[K  template argument deduction/substitution failed:
[2.737s] [01m[K/home/guilhermecabaco/Desktop/ros2_ws/ros2_tutorial4/colcon_ws3/src/rviz2_marker_demo/src/rviz_node.cpp:64:76:[m[K [01;31m[Kerror: [m[Ktemplate argument 1 is invalid
[2.737s]    64 |   tf_broadcaster_ = [01;31m[Kstd::make_shared<tf2_ros::StaticTransformBroadcaster>(this)[m[K;
[2.737s]       |                     [01;31m[K~~~~~~~~~~~~~~~~~~~~~~~~~~~~~~~~~~~~~~~~~~~~~~~~~~~~~^~~~~~[m[K
[2.737s] 
[2.737s] [01m[K/home/guilhermecabaco/Desktop/ros2_ws/ros2_tutorial4/colcon_ws3/src/rviz2_marker_demo/src/rviz_node.cpp:[m[K In member function â€˜[01m[Kvoid MarkerPublisherNode::[01;32m[Ktimer_callback[m[K()[m[Kâ€™:
[2.737s] [01m[K/home/guilhermecabaco/Desktop/ros2_ws/ros2_tutorial4/colcon_ws3/src/rviz2_marker_demo/src/rviz_node.cpp:116:29:[m[K [01;31m[Kerror: [m[Kâ€˜[01m[KTransformStamped[m[Kâ€™ is not a member of â€˜[01m[Kgeometry_msgs::msg[m[Kâ€™
[2.738s]   116 |         geometry_msgs::msg::[01;31m[KTransformStamped[m[K t;
[2.738s]       |                             [01;31m[K^~~~~~~~~~~~~~~~[m[K
[2.740s] [01m[K/home/guilhermecabaco/Desktop/ros2_ws/ros2_tutorial4/colcon_ws3/src/rviz2_marker_demo/src/rviz_node.cpp:117:9:[m[K [01;31m[Kerror: [m[Kâ€˜[01m[Kt[m[Kâ€™ was not declared in this scope; did you mean â€˜[01m[Ktm[m[Kâ€™?
[2.741s]   117 |         [01;31m[Kt[m[K.header.stamp = this->get_clock()->now();
[2.741s]       |         [01;31m[K^[m[K
[2.741s]       |         [32m[Ktm[m[K
[2.748s] [01m[K/home/guilhermecabaco/Desktop/ros2_ws/ros2_tutorial4/colcon_ws3/src/rviz2_marker_demo/src/rviz_node.cpp:130:9:[m[K [01;31m[Kerror: [m[Kâ€˜[01m[Ktf_broadcaster_[m[Kâ€™ was not declared in this scope
[2.748s]   130 |         [01;31m[Ktf_broadcaster_[m[K->sendTransform(t);
[2.748s]       |         [01;31m[K^~~~~~~~~~~~~~~[m[K
[3.525s] gmake[2]: *** [CMakeFiles/rviz_node.dir/build.make:76: CMakeFiles/rviz_node.dir/src/rviz_node.cpp.o] Error 1
[3.525s] gmake[1]: *** [CMakeFiles/Makefile2:137: CMakeFiles/rviz_node.dir/all] Error 2
[3.526s] gmake: *** [Makefile:146: all] Error 2
[3.529s] Invoked command in '/home/guilhermecabaco/Desktop/ros2_ws/ros2_tutorial4/colcon_ws3/build/rviz2_marker_demo' returned '2': CMAKE_PREFIX_PATH=${CMAKE_PREFIX_PATH}:/home/guilhermecabaco/Desktop/ros2_ws/tutoriais_ros2/install/temperature_monitor:/opt/ros/jazzy DEBUGINFOD_URLS=https://debuginfod.ubuntu.com /usr/bin/cmake --build /home/guilhermecabaco/Desktop/ros2_ws/ros2_tutorial4/colcon_ws3/build/rviz2_marker_demo -- -j12 -l12
